2026-01-24 20:08:16,256 - __main__ - INFO - ============================================================
2026-01-24 20:08:16,258 - __main__ - INFO - Iniciando aplicación...
2026-01-24 20:08:16,258 - __main__ - INFO - Versión: 1.0
2026-01-24 20:08:16,259 - __main__ - INFO - Autor: Miguel Ángel Iñigo Montero
2026-01-24 20:08:16,259 - __main__ - INFO - ============================================================
2026-01-24 20:08:16,326 - __main__ - INFO - Hoja de estilos cargada: c:\Users\Miguel\OneDrive\Escritorio\DAM2\DI\TRIMESTRE\Torneo_Futbol\RESOURCES\qss/estilo.qss
2026-01-24 20:08:16,328 - __main__ - INFO - Estilos aplicados correctamente
2026-01-24 20:08:16,328 - __main__ - INFO - Verificando base de datos...
2026-01-24 20:08:16,345 - __main__ - INFO - Conectando a la base de datos...
2026-01-24 20:08:16,375 - __main__ - INFO - Base de datos conectada correctamente
2026-01-24 20:08:16,376 - __main__ - INFO - Creando ventana principal...
2026-01-24 20:08:18,286 - __main__ - INFO - Aplicación iniciada correctamente
2026-01-24 20:08:18,287 - __main__ - INFO - ============================================================
2026-01-24 20:56:53,875 - __main__ - INFO - ============================================================
2026-01-24 20:56:53,876 - __main__ - INFO - Iniciando aplicación...
2026-01-24 20:56:53,876 - __main__ - INFO - Versión: 1.0
2026-01-24 20:56:53,876 - __main__ - INFO - Autor: Miguel Ángel Iñigo Montero
2026-01-24 20:56:53,876 - __main__ - INFO - ============================================================
2026-01-24 20:56:53,907 - __main__ - INFO - Hoja de estilos cargada: C:\Users\Miguel\OneDrive\Escritorio\DAM2\DI\TRIMESTRE\Torneo_Futbol\RESOURCES/qss/estilo.qss
2026-01-24 20:56:53,907 - __main__ - INFO - Estilos aplicados correctamente
2026-01-24 20:56:53,907 - __main__ - INFO - Verificando base de datos...
2026-01-24 20:56:53,914 - __main__ - INFO - Conectando a la base de datos...
2026-01-24 20:56:53,924 - __main__ - INFO - Base de datos conectada correctamente
2026-01-24 20:56:53,924 - __main__ - INFO - Creando ventana principal...
2026-01-24 20:56:55,091 - __main__ - INFO - Aplicación iniciada correctamente
2026-01-24 20:56:55,092 - __main__ - INFO - ============================================================
2026-01-24 20:58:34,452 - __main__ - INFO - ============================================================
2026-01-24 20:58:34,453 - __main__ - INFO - Iniciando aplicación...
2026-01-24 20:58:34,453 - __main__ - INFO - Versión: 1.0
2026-01-24 20:58:34,453 - __main__ - INFO - Autor: Miguel Ángel Iñigo Montero
2026-01-24 20:58:34,454 - __main__ - INFO - ============================================================
2026-01-24 20:58:34,500 - __main__ - INFO - Hoja de estilos cargada: c:\Users\Miguel\OneDrive\Escritorio\DAM2\DI\TRIMESTRE\Torneo_Futbol\RESOURCES/qss/estilo.qss
2026-01-24 20:58:34,501 - __main__ - INFO - Estilos aplicados correctamente
2026-01-24 20:58:34,501 - __main__ - INFO - Verificando base de datos...
2026-01-24 20:58:34,510 - __main__ - INFO - Conectando a la base de datos...
2026-01-24 20:58:34,523 - __main__ - INFO - Base de datos conectada correctamente
2026-01-24 20:58:34,523 - __main__ - INFO - Creando ventana principal...
2026-01-24 20:58:35,864 - __main__ - INFO - Aplicación iniciada correctamente
2026-01-24 20:58:35,864 - __main__ - INFO - ============================================================
2026-01-24 20:58:49,727 - __main__ - INFO - ============================================================
2026-01-24 20:58:49,727 - __main__ - INFO - Iniciando aplicación...
2026-01-24 20:58:49,727 - __main__ - INFO - Versión: 1.0
2026-01-24 20:58:49,727 - __main__ - INFO - Autor: Miguel Ángel Iñigo Montero
2026-01-24 20:58:49,728 - __main__ - INFO - ============================================================
2026-01-24 20:58:49,760 - __main__ - INFO - Hoja de estilos cargada: c:\Users\Miguel\OneDrive\Escritorio\DAM2\DI\TRIMESTRE\Torneo_Futbol\RESOURCES/qss/estilo.qss
2026-01-24 20:58:49,761 - __main__ - INFO - Estilos aplicados correctamente
2026-01-24 20:58:49,762 - __main__ - INFO - Verificando base de datos...
2026-01-24 20:58:49,777 - __main__ - INFO - Conectando a la base de datos...
2026-01-24 20:58:49,789 - __main__ - INFO - Base de datos conectada correctamente
2026-01-24 20:58:49,790 - __main__ - INFO - Creando ventana principal...
2026-01-24 20:58:50,722 - __main__ - INFO - Aplicación iniciada correctamente
2026-01-24 20:58:50,722 - __main__ - INFO - ============================================================
2026-01-24 20:59:22,740 - __main__ - INFO - ============================================================
2026-01-24 20:59:22,740 - __main__ - INFO - Iniciando aplicación...
2026-01-24 20:59:22,741 - __main__ - INFO - Versión: 1.0
2026-01-24 20:59:22,742 - __main__ - INFO - Autor: Miguel Ángel Iñigo Montero
2026-01-24 20:59:22,742 - __main__ - INFO - ============================================================
2026-01-24 20:59:22,786 - __main__ - INFO - Hoja de estilos cargada: c:\Users\Miguel\OneDrive\Escritorio\DAM2\DI\TRIMESTRE\Torneo_Futbol\RESOURCES/qss/estilo.qss
2026-01-24 20:59:22,788 - __main__ - INFO - Estilos aplicados correctamente
2026-01-24 20:59:22,788 - __main__ - INFO - Verificando base de datos...
2026-01-24 20:59:22,798 - __main__ - INFO - Conectando a la base de datos...
2026-01-24 20:59:22,811 - __main__ - INFO - Base de datos conectada correctamente
2026-01-24 20:59:22,812 - __main__ - INFO - Creando ventana principal...
2026-01-24 20:59:24,225 - __main__ - INFO - Aplicación iniciada correctamente
2026-01-24 20:59:24,225 - __main__ - INFO - ============================================================
2026-01-28 08:37:15,146 - __main__ - INFO - ============================================================
2026-01-28 08:37:15,146 - __main__ - INFO - Iniciando aplicación...
2026-01-28 08:37:15,146 - __main__ - INFO - Versión: 1.0
2026-01-28 08:37:15,147 - __main__ - INFO - Autor: Miguel Ángel Iñigo Montero
2026-01-28 08:37:15,147 - __main__ - INFO - ============================================================
2026-01-28 08:37:15,291 - __main__ - INFO - Hoja de estilos cargada: c:\Users\Miguel\OneDrive\Escritorio\DAM2\DI\TRIMESTRE\Torneo_Futbol\RESOURCES/qss/estilo.qss
2026-01-28 08:37:15,293 - __main__ - INFO - Estilos aplicados correctamente
2026-01-28 08:37:15,294 - __main__ - INFO - Verificando base de datos...
2026-01-28 08:37:15,469 - __main__ - INFO - Conectando a la base de datos...
2026-01-28 08:37:15,501 - __main__ - INFO - Base de datos conectada correctamente
2026-01-28 08:37:15,502 - __main__ - INFO - Creando ventana principal...
2026-01-28 08:37:16,449 - __main__ - INFO - Aplicación iniciada correctamente
2026-01-28 08:37:16,449 - __main__ - INFO - ============================================================
2026-01-28 09:06:43,969 - __main__ - INFO - ============================================================
2026-01-28 09:06:43,969 - __main__ - INFO - Iniciando aplicación...
2026-01-28 09:06:43,969 - __main__ - INFO - Versión: 1.0
2026-01-28 09:06:43,970 - __main__ - INFO - Autor: Miguel Ángel Iñigo Montero
2026-01-28 09:06:43,970 - __main__ - INFO - ============================================================
2026-01-28 09:06:44,046 - __main__ - INFO - Hoja de estilos cargada: c:\Users\Miguel\OneDrive\Escritorio\DAM2\DI\TRIMESTRE\Torneo_Futbol\RESOURCES/qss/estilo.qss
2026-01-28 09:06:44,047 - __main__ - INFO - Estilos aplicados correctamente
2026-01-28 09:06:44,047 - __main__ - INFO - Verificando base de datos...
2026-01-28 09:06:44,158 - __main__ - INFO - Conectando a la base de datos...
2026-01-28 09:06:44,167 - __main__ - INFO - Base de datos conectada correctamente
2026-01-28 09:06:44,168 - __main__ - INFO - Creando ventana principal...
2026-01-28 09:06:44,792 - __main__ - INFO - Aplicación iniciada correctamente
2026-01-28 09:06:44,792 - __main__ - INFO - ============================================================
2026-01-28 09:53:31,655 - __main__ - INFO - ============================================================
2026-01-28 09:53:31,655 - __main__ - INFO - Iniciando aplicación...
2026-01-28 09:53:31,656 - __main__ - INFO - Versión: 1.0
2026-01-28 09:53:31,656 - __main__ - INFO - Autor: Miguel Ángel Iñigo Montero
2026-01-28 09:53:31,656 - __main__ - INFO - ============================================================
2026-01-28 09:53:31,759 - __main__ - INFO - Hoja de estilos cargada: c:\Users\Miguel\OneDrive\Escritorio\DAM2\DI\TRIMESTRE\Torneo_Futbol\RESOURCES/qss/estilo.qss
2026-01-28 09:53:31,761 - __main__ - INFO - Estilos aplicados correctamente
2026-01-28 09:53:31,761 - __main__ - INFO - Verificando base de datos...
2026-01-28 09:53:31,881 - __main__ - INFO - Conectando a la base de datos...
2026-01-28 09:53:31,910 - __main__ - INFO - Base de datos conectada correctamente
2026-01-28 09:53:31,910 - __main__ - INFO - Creando ventana principal...
2026-01-28 09:53:32,577 - __main__ - INFO - Aplicación iniciada correctamente
2026-01-28 09:53:32,578 - __main__ - INFO - ============================================================
2026-01-28 09:54:12,791 - __main__ - INFO - ============================================================
2026-01-28 09:54:12,792 - __main__ - INFO - Iniciando aplicación...
2026-01-28 09:54:12,792 - __main__ - INFO - Versión: 1.0
2026-01-28 09:54:12,793 - __main__ - INFO - Autor: Miguel Ángel Iñigo Montero
2026-01-28 09:54:12,794 - __main__ - INFO - ============================================================
2026-01-28 09:54:12,901 - __main__ - INFO - Hoja de estilos cargada: c:\Users\Miguel\OneDrive\Escritorio\DAM2\DI\TRIMESTRE\Torneo_Futbol\RESOURCES/qss/estilo.qss
2026-01-28 09:54:12,902 - __main__ - INFO - Estilos aplicados correctamente
2026-01-28 09:54:12,902 - __main__ - INFO - Verificando base de datos...
2026-01-28 09:54:12,912 - __main__ - INFO - Conectando a la base de datos...
2026-01-28 09:54:12,971 - __main__ - INFO - Base de datos conectada correctamente
2026-01-28 09:54:12,971 - __main__ - INFO - Creando ventana principal...
2026-01-28 09:54:14,245 - __main__ - INFO - Aplicación iniciada correctamente
2026-01-28 09:54:14,246 - __main__ - INFO - ============================================================
